# JRE version: Java(TM) SE Runtime Environment (8.0_131-b11) (build 1.8.0_131-b11)
# Java VM: Java HotSpot(TM) 64-Bit Server VM (25.131-b11 mixed mode windows-amd64 compressed oops)
Heap:
 PSYoungGen      total 76288K, used 22288K [0x00000000d5580000, 0x00000000de200000, 0x0000000100000000)
  eden space 65536K, 34% used [0x00000000d5580000,0x00000000d6b44138,0x00000000d9580000)
  from space 10752K, 0% used [0x00000000d9580000,0x00000000d9580000,0x00000000da000000)
  to   space 10752K, 0% used [0x00000000dd780000,0x00000000dd780000,0x00000000de200000)
 ParOldGen       total 256000K, used 55990K [0x0000000080000000, 0x000000008fa00000, 0x00000000d5580000)
  object space 256000K, 21% used [0x0000000080000000,0x00000000836ad8e0,0x000000008fa00000)
 Metaspace       used 23734K, capacity 24779K, committed 25088K, reserved 1071104K
  class space    used 3262K, capacity 3489K, committed 3584K, reserved 1048576K
GC Heap History (10 events):
Event: 1.530 GC heap before
{Heap before GC invocations=1 (full 0):
 PSYoungGen      total 76288K, used 52075K [0x00000000d5580000, 0x00000000daa80000, 0x0000000100000000)
  eden space 65536K, 79% used [0x00000000d5580000,0x00000000d885ac68,0x00000000d9580000)
  from space 10752K, 0% used [0x00000000da000000,0x00000000da000000,0x00000000daa80000)
  to   space 10752K, 0% used [0x00000000d9580000,0x00000000d9580000,0x00000000da000000)
 ParOldGen       total 175104K, used 0K [0x0000000080000000, 0x000000008ab00000, 0x00000000d5580000)
  object space 175104K, 0% used [0x0000000080000000,0x0000000080000000,0x000000008ab00000)
 Metaspace       used 20208K, capacity 21219K, committed 21296K, reserved 1067008K
  class space    used 2938K, capacity 3123K, committed 3200K, reserved 1048576K
Event: 1.537 GC heap after
Heap after GC invocations=1 (full 0):
 PSYoungGen      total 76288K, used 7335K [0x00000000d5580000, 0x00000000daa80000, 0x0000000100000000)
  eden space 65536K, 0% used [0x00000000d5580000,0x00000000d5580000,0x00000000d9580000)
  from space 10752K, 68% used [0x00000000d9580000,0x00000000d9ca9f98,0x00000000da000000)
  to   space 10752K, 0% used [0x00000000da000000,0x00000000da000000,0x00000000daa80000)
 ParOldGen       total 175104K, used 88K [0x0000000080000000, 0x000000008ab00000, 0x00000000d5580000)
  object space 175104K, 0% used [0x0000000080000000,0x0000000080016010,0x000000008ab00000)
 Metaspace       used 20208K, capacity 21219K, committed 21296K, reserved 1067008K
  class space    used 2938K, capacity 3123K, committed 3200K, reserved 1048576K
}
Event: 1.537 GC heap before
{Heap before GC invocations=2 (full 1):
 PSYoungGen      total 76288K, used 7335K [0x00000000d5580000, 0x00000000daa80000, 0x0000000100000000)
  eden space 65536K, 0% used [0x00000000d5580000,0x00000000d5580000,0x00000000d9580000)
  from space 10752K, 68% used [0x00000000d9580000,0x00000000d9ca9f98,0x00000000da000000)
  to   space 10752K, 0% used [0x00000000da000000,0x00000000da000000,0x00000000daa80000)
 ParOldGen       total 175104K, used 88K [0x0000000080000000, 0x000000008ab00000, 0x00000000d5580000)
  object space 175104K, 0% used [0x0000000080000000,0x0000000080016010,0x000000008ab00000)
 Metaspace       used 20208K, capacity 21219K, committed 21296K, reserved 1067008K
  class space    used 2938K, capacity 3123K, committed 3200K, reserved 1048576K
Event: 1.575 GC heap after
Heap after GC invocations=2 (full 1):
 PSYoungGen      total 76288K, used 0K [0x00000000d5580000, 0x00000000daa80000, 0x0000000100000000)
  eden space 65536K, 0% used [0x00000000d5580000,0x00000000d5580000,0x00000000d9580000)
  from space 10752K, 0% used [0x00000000d9580000,0x00000000d9580000,0x00000000da000000)
  to   space 10752K, 0% used [0x00000000da000000,0x00000000da000000,0x00000000daa80000)
 ParOldGen       total 129024K, used 7239K [0x0000000080000000, 0x0000000087e00000, 0x00000000d5580000)
  object space 129024K, 5% used [0x0000000080000000,0x0000000080711d30,0x0000000087e00000)
 Metaspace       used 20208K, capacity 21219K, committed 21296K, reserved 1067008K
  class space    used 2938K, capacity 3123K, committed 3200K, reserved 1048576K
}
Event: 6.506 GC heap before
{Heap before GC invocations=3 (full 1):
 PSYoungGen      total 76288K, used 64489K [0x00000000d5580000, 0x00000000daa80000, 0x0000000100000000)
  eden space 65536K, 98% used [0x00000000d5580000,0x00000000d947a580,0x00000000d9580000)
  from space 10752K, 0% used [0x00000000d9580000,0x00000000d9580000,0x00000000da000000)
  to   space 10752K, 0% used [0x00000000da000000,0x00000000da000000,0x00000000daa80000)
 ParOldGen       total 129024K, used 7239K [0x0000000080000000, 0x0000000087e00000, 0x00000000d5580000)
  object space 129024K, 5% used [0x0000000080000000,0x0000000080711d30,0x0000000087e00000)
 Metaspace       used 23501K, capacity 24619K, committed 24832K, reserved 1071104K
  class space    used 3217K, capacity 3457K, committed 3584K, reserved 1048576K
Event: 6.516 GC heap after
Heap after GC invocations=3 (full 1):
 PSYoungGen      total 76288K, used 10731K [0x00000000d5580000, 0x00000000db280000, 0x0000000100000000)
  eden space 65536K, 0% used [0x00000000d5580000,0x00000000d5580000,0x00000000d9580000)
  from space 10752K, 99% used [0x00000000da000000,0x00000000daa7af68,0x00000000daa80000)
  to   space 10752K, 0% used [0x00000000d9580000,0x00000000d9580000,0x00000000da000000)
 ParOldGen       total 129024K, used 13472K [0x0000000080000000, 0x0000000087e00000, 0x00000000d5580000)
  object space 129024K, 10% used [0x0000000080000000,0x0000000080d28358,0x0000000087e00000)
 Metaspace       used 23501K, capacity 24619K, committed 24832K, reserved 1071104K
  class space    used 3217K, capacity 3457K, committed 3584K, reserved 1048576K
}
Event: 6.547 GC heap before
{Heap before GC invocations=4 (full 1):
 PSYoungGen      total 76288K, used 61272K [0x00000000d5580000, 0x00000000db280000, 0x0000000100000000)
  eden space 65536K, 77% used [0x00000000d5580000,0x00000000d86db470,0x00000000d9580000)
  from space 10752K, 99% used [0x00000000da000000,0x00000000daa7af68,0x00000000daa80000)
  to   space 10752K, 0% used [0x00000000d9580000,0x00000000d9580000,0x00000000da000000)
 ParOldGen       total 129024K, used 13472K [0x0000000080000000, 0x0000000087e00000, 0x00000000d5580000)
  object space 129024K, 10% used [0x0000000080000000,0x0000000080d28358,0x0000000087e00000)
 Metaspace       used 23714K, capacity 24779K, committed 25088K, reserved 1071104K
  class space    used 3260K, capacity 3489K, committed 3584K, reserved 1048576K
Event: 6.572 GC heap after
Heap after GC invocations=4 (full 1):
 PSYoungGen      total 76288K, used 10722K [0x00000000d5580000, 0x00000000de200000, 0x0000000100000000)
  eden space 65536K, 0% used [0x00000000d5580000,0x00000000d5580000,0x00000000d9580000)
  from space 10752K, 99% used [0x00000000d9580000,0x00000000d9ff8938,0x00000000da000000)
  to   space 10752K, 0% used [0x00000000dd780000,0x00000000dd780000,0x00000000de200000)
 ParOldGen       total 129024K, used 77114K [0x0000000080000000, 0x0000000087e00000, 0x00000000d5580000)
  object space 129024K, 59% used [0x0000000080000000,0x0000000084b4e8b0,0x0000000087e00000)
 Metaspace       used 23714K, capacity 24779K, committed 25088K, reserved 1071104K
  class space    used 3260K, capacity 3489K, committed 3584K, reserved 1048576K
}
Event: 6.572 GC heap before
{Heap before GC invocations=5 (full 2):
 PSYoungGen      total 76288K, used 10722K [0x00000000d5580000, 0x00000000de200000, 0x0000000100000000)
  eden space 65536K, 0% used [0x00000000d5580000,0x00000000d5580000,0x00000000d9580000)
  from space 10752K, 99% used [0x00000000d9580000,0x00000000d9ff8938,0x00000000da000000)
  to   space 10752K, 0% used [0x00000000dd780000,0x00000000dd780000,0x00000000de200000)
 ParOldGen       total 129024K, used 77114K [0x0000000080000000, 0x0000000087e00000, 0x00000000d5580000)
  object space 129024K, 59% used [0x0000000080000000,0x0000000084b4e8b0,0x0000000087e00000)
 Metaspace       used 23714K, capacity 24779K, committed 25088K, reserved 1071104K
  class space    used 3260K, capacity 3489K, committed 3584K, reserved 1048576K
Event: 6.620 GC heap after
Heap after GC invocations=5 (full 2):
 PSYoungGen      total 76288K, used 0K [0x00000000d5580000, 0x00000000de200000, 0x0000000100000000)
  eden space 65536K, 0% used [0x00000000d5580000,0x00000000d5580000,0x00000000d9580000)
  from space 10752K, 0% used [0x00000000d9580000,0x00000000d9580000,0x00000000da000000)
  to   space 10752K, 0% used [0x00000000dd780000,0x00000000dd780000,0x00000000de200000)
 ParOldGen       total 256000K, used 55990K [0x0000000080000000, 0x000000008fa00000, 0x00000000d5580000)
  object space 256000K, 21% used [0x0000000080000000,0x00000000836ad8e0,0x000000008fa00000)
 Metaspace       used 23714K, capacity 24779K, committed 25088K, reserved 1071104K
  class space    used 3260K, capacity 3489K, committed 3584K, reserved 1048576K
}

