# JRE version: Java(TM) SE Runtime Environment (8.0_131-b11) (build 1.8.0_131-b11)
# Java VM: Java HotSpot(TM) 64-Bit Server VM (25.131-b11 mixed mode windows-amd64 compressed oops)
Heap:
 PSYoungGen      total 76288K, used 17571K [0x00000000d5580000, 0x00000000dcf00000, 0x0000000100000000)
  eden space 65536K, 26% used [0x00000000d5580000,0x00000000d66a8e70,0x00000000d9580000)
  from space 10752K, 0% used [0x00000000d9580000,0x00000000d9580000,0x00000000da000000)
  to   space 10752K, 0% used [0x00000000dc480000,0x00000000dc480000,0x00000000dcf00000)
 ParOldGen       total 283136K, used 54034K [0x0000000080000000, 0x0000000091480000, 0x00000000d5580000)
  object space 283136K, 19% used [0x0000000080000000,0x00000000834c4908,0x0000000091480000)
 Metaspace       used 23638K, capacity 24744K, committed 25088K, reserved 1071104K
  class space    used 3286K, capacity 3521K, committed 3584K, reserved 1048576K
GC Heap History (10 events):
Event: 2.406 GC heap before
{Heap before GC invocations=1 (full 0):
 PSYoungGen      total 76288K, used 61590K [0x00000000d5580000, 0x00000000daa80000, 0x0000000100000000)
  eden space 65536K, 93% used [0x00000000d5580000,0x00000000d91a59f8,0x00000000d9580000)
  from space 10752K, 0% used [0x00000000da000000,0x00000000da000000,0x00000000daa80000)
  to   space 10752K, 0% used [0x00000000d9580000,0x00000000d9580000,0x00000000da000000)
 ParOldGen       total 175104K, used 0K [0x0000000080000000, 0x000000008ab00000, 0x00000000d5580000)
  object space 175104K, 0% used [0x0000000080000000,0x0000000080000000,0x000000008ab00000)
 Metaspace       used 20248K, capacity 21248K, committed 21296K, reserved 1067008K
  class space    used 2967K, capacity 3155K, committed 3200K, reserved 1048576K
Event: 2.414 GC heap after
Heap after GC invocations=1 (full 0):
 PSYoungGen      total 76288K, used 7335K [0x00000000d5580000, 0x00000000daa80000, 0x0000000100000000)
  eden space 65536K, 0% used [0x00000000d5580000,0x00000000d5580000,0x00000000d9580000)
  from space 10752K, 68% used [0x00000000d9580000,0x00000000d9ca9f78,0x00000000da000000)
  to   space 10752K, 0% used [0x00000000da000000,0x00000000da000000,0x00000000daa80000)
 ParOldGen       total 175104K, used 88K [0x0000000080000000, 0x000000008ab00000, 0x00000000d5580000)
  object space 175104K, 0% used [0x0000000080000000,0x0000000080016010,0x000000008ab00000)
 Metaspace       used 20248K, capacity 21248K, committed 21296K, reserved 1067008K
  class space    used 2967K, capacity 3155K, committed 3200K, reserved 1048576K
}
Event: 2.414 GC heap before
{Heap before GC invocations=2 (full 1):
 PSYoungGen      total 76288K, used 7335K [0x00000000d5580000, 0x00000000daa80000, 0x0000000100000000)
  eden space 65536K, 0% used [0x00000000d5580000,0x00000000d5580000,0x00000000d9580000)
  from space 10752K, 68% used [0x00000000d9580000,0x00000000d9ca9f78,0x00000000da000000)
  to   space 10752K, 0% used [0x00000000da000000,0x00000000da000000,0x00000000daa80000)
 ParOldGen       total 175104K, used 88K [0x0000000080000000, 0x000000008ab00000, 0x00000000d5580000)
  object space 175104K, 0% used [0x0000000080000000,0x0000000080016010,0x000000008ab00000)
 Metaspace       used 20248K, capacity 21248K, committed 21296K, reserved 1067008K
  class space    used 2967K, capacity 3155K, committed 3200K, reserved 1048576K
Event: 2.446 GC heap after
Heap after GC invocations=2 (full 1):
 PSYoungGen      total 76288K, used 0K [0x00000000d5580000, 0x00000000daa80000, 0x0000000100000000)
  eden space 65536K, 0% used [0x00000000d5580000,0x00000000d5580000,0x00000000d9580000)
  from space 10752K, 0% used [0x00000000d9580000,0x00000000d9580000,0x00000000da000000)
  to   space 10752K, 0% used [0x00000000da000000,0x00000000da000000,0x00000000daa80000)
 ParOldGen       total 126976K, used 7262K [0x0000000080000000, 0x0000000087c00000, 0x00000000d5580000)
  object space 126976K, 5% used [0x0000000080000000,0x0000000080717978,0x0000000087c00000)
 Metaspace       used 20248K, capacity 21248K, committed 21296K, reserved 1067008K
  class space    used 2967K, capacity 3155K, committed 3200K, reserved 1048576K
}
Event: 7.148 GC heap before
{Heap before GC invocations=3 (full 1):
 PSYoungGen      total 76288K, used 65536K [0x00000000d5580000, 0x00000000daa80000, 0x0000000100000000)
  eden space 65536K, 100% used [0x00000000d5580000,0x00000000d9580000,0x00000000d9580000)
  from space 10752K, 0% used [0x00000000d9580000,0x00000000d9580000,0x00000000da000000)
  to   space 10752K, 0% used [0x00000000da000000,0x00000000da000000,0x00000000daa80000)
 ParOldGen       total 126976K, used 7262K [0x0000000080000000, 0x0000000087c00000, 0x00000000d5580000)
  object space 126976K, 5% used [0x0000000080000000,0x0000000080717978,0x0000000087c00000)
 Metaspace       used 23369K, capacity 24424K, committed 24832K, reserved 1071104K
  class space    used 3239K, capacity 3457K, committed 3584K, reserved 1048576K
Event: 7.157 GC heap after
Heap after GC invocations=3 (full 1):
 PSYoungGen      total 76288K, used 10738K [0x00000000d5580000, 0x00000000db500000, 0x0000000100000000)
  eden space 65536K, 0% used [0x00000000d5580000,0x00000000d5580000,0x00000000d9580000)
  from space 10752K, 99% used [0x00000000da000000,0x00000000daa7c838,0x00000000daa80000)
  to   space 10752K, 0% used [0x00000000d9580000,0x00000000d9580000,0x00000000da000000)
 ParOldGen       total 126976K, used 10974K [0x0000000080000000, 0x0000000087c00000, 0x00000000d5580000)
  object space 126976K, 8% used [0x0000000080000000,0x0000000080ab7930,0x0000000087c00000)
 Metaspace       used 23369K, capacity 24424K, committed 24832K, reserved 1071104K
  class space    used 3239K, capacity 3457K, committed 3584K, reserved 1048576K
}
Event: 7.899 GC heap before
{Heap before GC invocations=4 (full 1):
 PSYoungGen      total 76288K, used 62481K [0x00000000d5580000, 0x00000000db500000, 0x0000000100000000)
  eden space 65536K, 78% used [0x00000000d5580000,0x00000000d8807d70,0x00000000d9580000)
  from space 10752K, 99% used [0x00000000da000000,0x00000000daa7c838,0x00000000daa80000)
  to   space 10752K, 0% used [0x00000000d9580000,0x00000000d9580000,0x00000000da000000)
 ParOldGen       total 126976K, used 10974K [0x0000000080000000, 0x0000000087c00000, 0x00000000d5580000)
  object space 126976K, 8% used [0x0000000080000000,0x0000000080ab7930,0x0000000087c00000)
 Metaspace       used 23619K, capacity 24680K, committed 24832K, reserved 1071104K
  class space    used 3284K, capacity 3521K, committed 3584K, reserved 1048576K
Event: 7.936 GC heap after
Heap after GC invocations=4 (full 1):
 PSYoungGen      total 76288K, used 10736K [0x00000000d5580000, 0x00000000dcf00000, 0x0000000100000000)
  eden space 65536K, 0% used [0x00000000d5580000,0x00000000d5580000,0x00000000d9580000)
  from space 10752K, 99% used [0x00000000d9580000,0x00000000d9ffc030,0x00000000da000000)
  to   space 10752K, 0% used [0x00000000dc480000,0x00000000dc480000,0x00000000dcf00000)
 ParOldGen       total 126976K, used 75172K [0x0000000080000000, 0x0000000087c00000, 0x00000000d5580000)
  object space 126976K, 59% used [0x0000000080000000,0x0000000084969248,0x0000000087c00000)
 Metaspace       used 23619K, capacity 24680K, committed 24832K, reserved 1071104K
  class space    used 3284K, capacity 3521K, committed 3584K, reserved 1048576K
}
Event: 7.936 GC heap before
{Heap before GC invocations=5 (full 2):
 PSYoungGen      total 76288K, used 10736K [0x00000000d5580000, 0x00000000dcf00000, 0x0000000100000000)
  eden space 65536K, 0% used [0x00000000d5580000,0x00000000d5580000,0x00000000d9580000)
  from space 10752K, 99% used [0x00000000d9580000,0x00000000d9ffc030,0x00000000da000000)
  to   space 10752K, 0% used [0x00000000dc480000,0x00000000dc480000,0x00000000dcf00000)
 ParOldGen       total 126976K, used 75172K [0x0000000080000000, 0x0000000087c00000, 0x00000000d5580000)
  object space 126976K, 59% used [0x0000000080000000,0x0000000084969248,0x0000000087c00000)
 Metaspace       used 23619K, capacity 24680K, committed 24832K, reserved 1071104K
  class space    used 3284K, capacity 3521K, committed 3584K, reserved 1048576K
Event: 7.976 GC heap after
Heap after GC invocations=5 (full 2):
 PSYoungGen      total 76288K, used 0K [0x00000000d5580000, 0x00000000dcf00000, 0x0000000100000000)
  eden space 65536K, 0% used [0x00000000d5580000,0x00000000d5580000,0x00000000d9580000)
  from space 10752K, 0% used [0x00000000d9580000,0x00000000d9580000,0x00000000da000000)
  to   space 10752K, 0% used [0x00000000dc480000,0x00000000dc480000,0x00000000dcf00000)
 ParOldGen       total 283136K, used 54034K [0x0000000080000000, 0x0000000091480000, 0x00000000d5580000)
  object space 283136K, 19% used [0x0000000080000000,0x00000000834c4908,0x0000000091480000)
 Metaspace       used 23619K, capacity 24680K, committed 24832K, reserved 1071104K
  class space    used 3284K, capacity 3521K, committed 3584K, reserved 1048576K
}

