# JRE version: Java(TM) SE Runtime Environment (8.0_131-b11) (build 1.8.0_131-b11)
# Java VM: Java HotSpot(TM) 64-Bit Server VM (25.131-b11 mixed mode windows-amd64 compressed oops)
Heap:
 PSYoungGen      total 76288K, used 18576K [0x00000000d5580000, 0x00000000dd080000, 0x0000000100000000)
  eden space 65536K, 11% used [0x00000000d5580000,0x00000000d5d283f8,0x00000000d9580000)
  from space 10752K, 99% used [0x00000000d9580000,0x00000000d9ffbe70,0x00000000da000000)
  to   space 10752K, 0% used [0x00000000dc600000,0x00000000dc600000,0x00000000dd080000)
 ParOldGen       total 128512K, used 43989K [0x0000000080000000, 0x0000000087d80000, 0x00000000d5580000)
  object space 128512K, 34% used [0x0000000080000000,0x0000000082af5798,0x0000000087d80000)
 Metaspace       used 23629K, capacity 24707K, committed 25088K, reserved 1071104K
  class space    used 3258K, capacity 3489K, committed 3584K, reserved 1048576K
GC Heap History (8 events):
Event: 1.507 GC heap before
{Heap before GC invocations=1 (full 0):
 PSYoungGen      total 76288K, used 52076K [0x00000000d5580000, 0x00000000daa80000, 0x0000000100000000)
  eden space 65536K, 79% used [0x00000000d5580000,0x00000000d885b108,0x00000000d9580000)
  from space 10752K, 0% used [0x00000000da000000,0x00000000da000000,0x00000000daa80000)
  to   space 10752K, 0% used [0x00000000d9580000,0x00000000d9580000,0x00000000da000000)
 ParOldGen       total 175104K, used 0K [0x0000000080000000, 0x000000008ab00000, 0x00000000d5580000)
  object space 175104K, 0% used [0x0000000080000000,0x0000000080000000,0x000000008ab00000)
 Metaspace       used 20220K, capacity 21219K, committed 21296K, reserved 1067008K
  class space    used 2938K, capacity 3123K, committed 3200K, reserved 1048576K
Event: 1.513 GC heap after
Heap after GC invocations=1 (full 0):
 PSYoungGen      total 76288K, used 7303K [0x00000000d5580000, 0x00000000daa80000, 0x0000000100000000)
  eden space 65536K, 0% used [0x00000000d5580000,0x00000000d5580000,0x00000000d9580000)
  from space 10752K, 67% used [0x00000000d9580000,0x00000000d9ca1f98,0x00000000da000000)
  to   space 10752K, 0% used [0x00000000da000000,0x00000000da000000,0x00000000daa80000)
 ParOldGen       total 175104K, used 88K [0x0000000080000000, 0x000000008ab00000, 0x00000000d5580000)
  object space 175104K, 0% used [0x0000000080000000,0x0000000080016010,0x000000008ab00000)
 Metaspace       used 20220K, capacity 21219K, committed 21296K, reserved 1067008K
  class space    used 2938K, capacity 3123K, committed 3200K, reserved 1048576K
}
Event: 1.513 GC heap before
{Heap before GC invocations=2 (full 1):
 PSYoungGen      total 76288K, used 7303K [0x00000000d5580000, 0x00000000daa80000, 0x0000000100000000)
  eden space 65536K, 0% used [0x00000000d5580000,0x00000000d5580000,0x00000000d9580000)
  from space 10752K, 67% used [0x00000000d9580000,0x00000000d9ca1f98,0x00000000da000000)
  to   space 10752K, 0% used [0x00000000da000000,0x00000000da000000,0x00000000daa80000)
 ParOldGen       total 175104K, used 88K [0x0000000080000000, 0x000000008ab00000, 0x00000000d5580000)
  object space 175104K, 0% used [0x0000000080000000,0x0000000080016010,0x000000008ab00000)
 Metaspace       used 20220K, capacity 21219K, committed 21296K, reserved 1067008K
  class space    used 2938K, capacity 3123K, committed 3200K, reserved 1048576K
Event: 1.542 GC heap after
Heap after GC invocations=2 (full 1):
 PSYoungGen      total 76288K, used 0K [0x00000000d5580000, 0x00000000daa80000, 0x0000000100000000)
  eden space 65536K, 0% used [0x00000000d5580000,0x00000000d5580000,0x00000000d9580000)
  from space 10752K, 0% used [0x00000000d9580000,0x00000000d9580000,0x00000000da000000)
  to   space 10752K, 0% used [0x00000000da000000,0x00000000da000000,0x00000000daa80000)
 ParOldGen       total 128512K, used 7237K [0x0000000080000000, 0x0000000087d80000, 0x00000000d5580000)
  object space 128512K, 5% used [0x0000000080000000,0x00000000807114b0,0x0000000087d80000)
 Metaspace       used 20220K, capacity 21219K, committed 21296K, reserved 1067008K
  class space    used 2938K, capacity 3123K, committed 3200K, reserved 1048576K
}
Event: 6.688 GC heap before
{Heap before GC invocations=3 (full 1):
 PSYoungGen      total 76288K, used 63931K [0x00000000d5580000, 0x00000000daa80000, 0x0000000100000000)
  eden space 65536K, 97% used [0x00000000d5580000,0x00000000d93eef90,0x00000000d9580000)
  from space 10752K, 0% used [0x00000000d9580000,0x00000000d9580000,0x00000000da000000)
  to   space 10752K, 0% used [0x00000000da000000,0x00000000da000000,0x00000000daa80000)
 ParOldGen       total 128512K, used 7237K [0x0000000080000000, 0x0000000087d80000, 0x00000000d5580000)
  object space 128512K, 5% used [0x0000000080000000,0x00000000807114b0,0x0000000087d80000)
 Metaspace       used 23391K, capacity 24483K, committed 24832K, reserved 1071104K
  class space    used 3213K, capacity 3457K, committed 3584K, reserved 1048576K
Event: 6.697 GC heap after
Heap after GC invocations=3 (full 1):
 PSYoungGen      total 76288K, used 10742K [0x00000000d5580000, 0x00000000db280000, 0x0000000100000000)
  eden space 65536K, 0% used [0x00000000d5580000,0x00000000d5580000,0x00000000d9580000)
  from space 10752K, 99% used [0x00000000da000000,0x00000000daa7d830,0x00000000daa80000)
  to   space 10752K, 0% used [0x00000000d9580000,0x00000000d9580000,0x00000000da000000)
 ParOldGen       total 128512K, used 11476K [0x0000000080000000, 0x0000000087d80000, 0x00000000d5580000)
  object space 128512K, 8% used [0x0000000080000000,0x0000000080b35370,0x0000000087d80000)
 Metaspace       used 23391K, capacity 24483K, committed 24832K, reserved 1071104K
  class space    used 3213K, capacity 3457K, committed 3584K, reserved 1048576K
}
Event: 7.134 GC heap before
{Heap before GC invocations=4 (full 1):
 PSYoungGen      total 76288K, used 76278K [0x00000000d5580000, 0x00000000db280000, 0x0000000100000000)
  eden space 65536K, 100% used [0x00000000d5580000,0x00000000d9580000,0x00000000d9580000)
  from space 10752K, 99% used [0x00000000da000000,0x00000000daa7d830,0x00000000daa80000)
  to   space 10752K, 0% used [0x00000000d9580000,0x00000000d9580000,0x00000000da000000)
 ParOldGen       total 128512K, used 11476K [0x0000000080000000, 0x0000000087d80000, 0x00000000d5580000)
  object space 128512K, 8% used [0x0000000080000000,0x0000000080b35370,0x0000000087d80000)
 Metaspace       used 23628K, capacity 24707K, committed 25088K, reserved 1071104K
  class space    used 3258K, capacity 3489K, committed 3584K, reserved 1048576K
Event: 7.172 GC heap after
Heap after GC invocations=4 (full 1):
 PSYoungGen      total 76288K, used 10735K [0x00000000d5580000, 0x00000000dd080000, 0x0000000100000000)
  eden space 65536K, 0% used [0x00000000d5580000,0x00000000d5580000,0x00000000d9580000)
  from space 10752K, 99% used [0x00000000d9580000,0x00000000d9ffbe70,0x00000000da000000)
  to   space 10752K, 0% used [0x00000000dc600000,0x00000000dc600000,0x00000000dd080000)
 ParOldGen       total 128512K, used 43989K [0x0000000080000000, 0x0000000087d80000, 0x00000000d5580000)
  object space 128512K, 34% used [0x0000000080000000,0x0000000082af5798,0x0000000087d80000)
 Metaspace       used 23628K, capacity 24707K, committed 25088K, reserved 1071104K
  class space    used 3258K, capacity 3489K, committed 3584K, reserved 1048576K
}

